<?xml version="1.0" encoding="UTF-8"?>
<testsuite name="Management medical service to patient" tests="1" skipped="0" failures="0" errors="0" timestamp="2022-04-08T21:26:39" hostname="CHBOGPF2FKJ68" time="8.121">
  <properties/>
  <testcase name="Registering medical appointment" classname="Management medical service to patient" time="8.121"/>
  <system-out><![CDATA[hello given






?[32m.?[0m

















?[32m.?[0m

hello then
?[32m.?[0m
]]></system-out>
  <system-err><![CDATA[[Test worker] INFO net.thucydides.core.steps.ConsoleLoggingListener - 
 _____ _____ ____ _____   ____ _____  _    ____ _____ _____ ____  
|_   _| ____/ ___|_   _| / ___|_   _|/ \  |  _ \_   _| ____|  _ \ 
  | | |  _| \___ \ | |   \___ \ | | / _ \ | |_) || | |  _| | | | |
  | | | |___ ___) || |    ___) || |/ ___ \|  _ < | | | |___| |_| |
  |_| |_____|____/ |_|   |____/ |_/_/   \_\_| \_\|_| |_____|____/ 
                                                                  

TEST STARTED: Registering medical appointment
-------------------------------------------------------------------(management-medical-service-to-patient;registering-medical-appointment)
abr 08, 2022 4:26:39 PM org.openqa.selenium.remote.DesiredCapabilities chrome
INFORMACIÓN: Using `new ChromeOptions()` is preferred to `DesiredCapabilities.chrome()`
Starting ChromeDriver 100.0.4896.60 (6a5d10861ce8de5fce22564658033b43cb7de047-refs/branch-heads/4896@{#875}) on port 49110
Only local connections are allowed.
Please see https://chromedriver.chromium.org/security-considerations for suggestions on keeping ChromeDriver safe.
ChromeDriver was started successfully.
abr 08, 2022 4:26:41 PM org.openqa.selenium.remote.ProtocolHandshake createSession
INFORMACIÓN: Detected dialect: W3C
]]></system-err>
</testsuite>
