<?xml version="1.0" encoding="UTF-8"?>
<testsuite name="Management medical service to paciente" tests="1" skipped="0" failures="1" errors="0" timestamp="2022-04-08T13:47:07" hostname="CHBOGPF2FKJ68" time="27.055">
  <properties/>
  <testcase name="Registering medical appointment" classname="Management medical service to paciente" time="27.055">
    <failure message="java.lang.IllegalArgumentException: Keys to send should be a not null CharSequence" type="java.lang.IllegalArgumentException">java.lang.IllegalArgumentException: Keys to send should be a not null CharSequence
	at org.openqa.selenium.remote.RemoteWebElement.sendKeys(RemoteWebElement.java:97)
	at net.serenitybdd.core.pages.WebElementFacadeImpl.type(WebElementFacadeImpl.java:720)
	at net.serenitybdd.screenplay.actions.EnterValueIntoTarget.performAs(EnterValueIntoTarget.java:18)
	at net.serenitybdd.screenplay.actions.EnterValueIntoTarget$$EnhancerByCGLIB$$4e987eb1.CGLIB$performAs$0(&lt;generated&gt;)
	at net.serenitybdd.screenplay.actions.EnterValueIntoTarget$$EnhancerByCGLIB$$4e987eb1$$FastClassByCGLIB$$da8429ac.invoke(&lt;generated&gt;)
	at net.sf.cglib.proxy.MethodProxy.invokeSuper(MethodProxy.java:228)
	at net.thucydides.core.steps.StepInterceptor.invokeMethod(StepInterceptor.java:478)
	at net.thucydides.core.steps.StepInterceptor.executeTestStepMethod(StepInterceptor.java:463)
	at net.thucydides.core.steps.StepInterceptor.runTestStep(StepInterceptor.java:438)
	at net.thucydides.core.steps.StepInterceptor.runOrSkipMethod(StepInterceptor.java:179)
	at net.thucydides.core.steps.StepInterceptor.testStepResult(StepInterceptor.java:166)
	at net.thucydides.core.steps.StepInterceptor.intercept(StepInterceptor.java:72)
	at net.serenitybdd.screenplay.actions.EnterValueIntoTarget$$EnhancerByCGLIB$$4e987eb1.performAs(&lt;generated&gt;)
	at net.serenitybdd.screenplay.Actor.performTask(Actor.java:223)
	at net.serenitybdd.screenplay.Actor.perform(Actor.java:204)
	at net.serenitybdd.screenplay.Actor.attemptsTo(Actor.java:161)
	at co.com.reto.dto.tasks.PutPacienteInformation.performAs(PutPacienteInformation.java:28)
	at co.com.reto.dto.tasks.PutPacienteInformation$$EnhancerByCGLIB$$48c0f108.CGLIB$performAs$0(&lt;generated&gt;)
	at co.com.reto.dto.tasks.PutPacienteInformation$$EnhancerByCGLIB$$48c0f108$$FastClassByCGLIB$$f1aa3d5e.invoke(&lt;generated&gt;)
	at net.sf.cglib.proxy.MethodProxy.invokeSuper(MethodProxy.java:228)
	at net.thucydides.core.steps.StepInterceptor.invokeMethod(StepInterceptor.java:478)
	at net.thucydides.core.steps.StepInterceptor.executeTestStepMethod(StepInterceptor.java:463)
	at net.thucydides.core.steps.StepInterceptor.runTestStep(StepInterceptor.java:438)
	at net.thucydides.core.steps.StepInterceptor.runOrSkipMethod(StepInterceptor.java:179)
	at net.thucydides.core.steps.StepInterceptor.testStepResult(StepInterceptor.java:166)
	at net.thucydides.core.steps.StepInterceptor.intercept(StepInterceptor.java:72)
	at co.com.reto.dto.tasks.PutPacienteInformation$$EnhancerByCGLIB$$48c0f108.performAs(&lt;generated&gt;)
	at net.serenitybdd.screenplay.Actor.performTask(Actor.java:223)
	at net.serenitybdd.screenplay.Actor.perform(Actor.java:204)
	at net.serenitybdd.screenplay.Actor.attemptsTo(Actor.java:161)
	at co.com.reto.dto.stepdefinitions.RegisterStepDefinitionsPaciente.heDoesRegisterProcessInsideTheHospitalPage(RegisterStepDefinitionsPaciente.java:41)
	at ✽.He does register process inside the Hospital pages(src/test/resources/features/management_medical_agenda_paciente.feature:7)
</failure>
  </testcase>
  <system-out><![CDATA[hello given






?[32m.?[0m

hello when



?[31mF?[0m?[36m-?[0m]]></system-out>
  <system-err><![CDATA[[Test worker] INFO net.thucydides.core.steps.ConsoleLoggingListener - 
 _____ _____ ____ _____   ____ _____  _    ____ _____ _____ ____  
|_   _| ____/ ___|_   _| / ___|_   _|/ \  |  _ \_   _| ____|  _ \ 
  | | |  _| \___ \ | |   \___ \ | | / _ \ | |_) || | |  _| | | | |
  | | | |___ ___) || |    ___) || |/ ___ \|  _ < | | | |___| |_| |
  |_| |_____|____/ |_|   |____/ |_/_/   \_\_| \_\|_| |_____|____/ 
                                                                  

TEST STARTED: Registering medical appointment
-------------------------------------------------------------------(management-medical-service-to-paciente;registering-medical-appointment)
abr 08, 2022 8:47:08 AM org.openqa.selenium.remote.DesiredCapabilities chrome
INFORMACIÓN: Using `new ChromeOptions()` is preferred to `DesiredCapabilities.chrome()`
Starting ChromeDriver 100.0.4896.60 (6a5d10861ce8de5fce22564658033b43cb7de047-refs/branch-heads/4896@{#875}) on port 11876
Only local connections are allowed.
Please see https://chromedriver.chromium.org/security-considerations for suggestions on keeping ChromeDriver safe.
ChromeDriver was started successfully.
abr 08, 2022 8:47:11 AM org.openqa.selenium.remote.ProtocolHandshake createSession
INFORMACIÓN: Detected dialect: W3C
]]></system-err>
</testsuite>
